#z	f(z)	f'(z)	p(z)	p'(z)
-5.0000	+0.2837	-0.9589	+0.2837	-1612646813057.6501
-4.9000	+0.1865	-0.9825	-153140266765.0068	-1451843063714.7085
-4.8000	+0.0875	-0.9962	-290697995819.4590	-1300921316599.0117
-4.7000	-0.0124	-0.9999	-413639217712.2197	-1159440695198.1648
-4.6000	-0.1122	-0.9937	-522886623950.9213	-1026975230662.1692
-4.5000	-0.2108	-0.9775	-619321038531.8647	-903113478314.7046
-4.4000	-0.3073	-0.9516	-703782851489.3506	-787458141507.8076
-4.3000	-0.4008	-0.9162	-777073415193.4906	-679625702720.5817
-4.2000	-0.4903	-0.8716	-839956404115.9846	-579246061803.4038
-4.1000	-0.5748	-0.8183	-893159138773.5287	-485962181269.9387
-4.0000	-0.6536	-0.7568	-937373874548.7620	-399429738540.1356
-3.9000	-0.7259	-0.6878	-973259056079.0746	-319316785038.2024
-3.8000	-0.7910	-0.6119	-1001440537893.9817	-245303412050.4120
-3.7000	-0.8481	-0.5298	-1022512771972.3394	-177081423248.4104
-3.6000	-0.8968	-0.4425	-1037039962881.2742	-114354013784.5459
-3.5000	-0.9365	-0.3508	-1045557191149.3690	-56835455866.5554
-3.4000	-0.9668	-0.2555	-1048571505517.4720	-4250790719.7695
-3.3000	-0.9875	-0.1577	-1046562984701.2926	+43664473154.1713
-3.2000	-0.9983	-0.0584	-1039985769290.9364	+87164655512.2957
-3.1000	-0.9991	+0.0416	-1029269064403.5396	+126494193788.3499
-3.0000	-0.9900	+0.1411	-1014818113696.2330	+161887926482.4952
-2.9000	-0.9710	+0.2392	-997015145337.9116	+193571370610.4149
-2.8000	-0.9422	+0.3350	-976220290529.4854	+221760993298.7936
-2.7000	-0.9041	+0.4274	-952772475153.6715	+246664477613.3332
-2.6000	-0.8569	+0.5155	-926990285126.8032	+268480982704.6641
-2.5000	-0.8011	+0.5985	-899172806016.6193	+287401398356.7305
-2.4000	-0.7374	+0.6755	-869600437481.6007	+303608594021.4280
-2.3000	-0.6663	+0.7457	-838535683079.0704	+317277662422.4880
-2.2000	-0.5885	+0.8085	-806223915981.0084	+328576157810.8267
-2.1000	-0.5048	+0.8632	-772894121128.3680	+337664328952.7891
-2.0000	-0.4161	+0.9093	-738759614346.5563	+344695346931.9480
-1.9000	-0.3233	+0.9463	-704018738936.7250	+349815527844.3470
-1.8000	-0.2272	+0.9738	-668855540249.5669	+353164550466.2985
-1.7000	-0.1288	+0.9917	-633440418740.4336	+354875668973.0966
-1.6000	-0.0292	+0.9996	-597930761996.8037	+355075920786.2345
-1.5000	+0.0707	+0.9975	-562471556221.3958	+353886329625.9539
-1.4000	+0.1700	+0.9854	-527195977646.5917	+351422103845.2145
-1.3000	+0.2675	+0.9636	-492225964348.2446	+347792830120.4010
-1.2000	+0.3624	+0.9320	-457672768919.4737	+343102662573.3542
-1.1000	+0.4536	+0.8912	-423637492457.6055	+337450507398.5590
-1.0000	+0.5403	+0.8415	-390211600310.0939	+330930203068.5844
-0.9000	+0.6216	+0.7833	-357477420017.9633	+323630696190.1345
-0.8000	+0.6967	+0.7174	-325508621888.1300	+315636213082.3334
-0.7000	+0.7648	+0.6442	-294370682618.8242	+307026427148.1385
-0.6000	+0.8253	+0.5646	-264121332395.2900	+297876622109.0519
-0.5000	+0.8776	+0.4794	-234810985865.9524	+288257851172.5693
-0.4000	+0.9211	+0.3894	-206483157402.3346	+278237092201.0995
-0.3000	+0.9553	+0.2955	-179174861039.1754	+267877398950.3543
-0.2000	+0.9801	+0.1987	-152916995484.4238	+257238048444.5107
-0.1000	+0.9950	+0.0998	-127734714582.1057	+246374684554.7319
+0.0000	+1.0000	-0.0000	-103647783604.4181	+235339457846.9262
+0.1000	+0.9950	-0.0998	-80670921742.8702	+224181161763.9274
+0.2000	+0.9801	-0.1987	-58814131161.7948	+212945365206.5724
+0.3000	+0.9553	-0.2955	-38083012971.1446	+201674541577.4658
+0.4000	+0.9211	-0.3894	-18479070469.1493	+190408194350.5252
+0.5000	+0.8776	-0.4794	+0.8776	+179182979228.7112
+0.6000	+0.8253	-0.5646	+17360030241.4857	+168032822951.6662
+0.7000	+0.7648	-0.6442	+33610113107.8420	+156989038814.3012
+0.8000	+0.6967	-0.7174	+48762346804.4087	+146080438956.6927
+0.9000	+0.6216	-0.7833	+62831590251.6657	+135333443484.9818
+1.0000	+0.5403	-0.8415	+75835229208.9359	+124772186482.2892
+1.1000	+0.4536	-0.8912	+87792952845.2357	+114418618968.0014
+1.2000	+0.3624	-0.9320	+98726540455.8796	+104292608863.1139
+1.3000	+0.2675	-0.9636	+108659658028.3016	+94412038018.6577
+1.4000	+0.1700	-0.9854	+117617664366.2232	+84792896363.5840
+1.5000	+0.0707	-0.9975	+125627426486.9091	+75449373227.8204
+1.6000	-0.0292	-0.9996	+132717144011.7831	+66393945895.5712
+1.7000	-0.1288	-0.9917	+138916182276.1563	+57637465443.2810
+1.8000	-0.2272	-0.9738	+144254913889.2290	+49189239916.0425
+1.9000	-0.3233	-0.9463	+148764568480.8724	+41057114895.5909
+2.0000	-0.4161	-0.9093	+152477090376.9790	+33247551512.3867
+2.1000	-0.5048	-0.8632	+155425003950.3901	+25765701953.6632
+2.2000	-0.5885	-0.8085	+157641286399.5640	+18615482518.6816
+2.3000	-0.6663	-0.7457	+159159247712.2413	+11799644271.8133
+2.4000	-0.7374	-0.6755	+160012417576.3963	+5319841343.4483
+2.5000	-0.8011	-0.5985	+160234439005.7308	-823303071.8914
+2.6000	-0.8569	-0.5155	+159858968451.8730	-6630132971.4672
+2.7000	-0.9041	-0.4274	+158919582180.2932	-12101898006.1141
+2.8000	-0.9422	-0.3350	+157449688691.7296	-17240694100.3590
+2.9000	-0.9710	-0.2392	+155482446975.6456	-22049406183.9242
+3.0000	-0.9900	-0.1411	+153050690386.8993	-26531652988.2733
+3.1000	-0.9991	-0.0416	+150186855941.4163	-30691733862.4552
+3.2000	-0.9983	+0.0584	+146922918831.1959	-34534577563.0946
+3.3000	-0.9875	+0.1577	+143290331963.4708	-38065692973.9648
+3.4000	-0.9668	+0.2555	+139319970333.2646	-41291121711.1729
+3.5000	-0.9365	+0.3508	+135042080042.9607	-44217392570.5589
+3.6000	-0.8968	+0.4425	+130486231786.8078	-46851477774.5018
+3.7000	-0.8481	+0.5298	+125681278622.5350	-49200750975.8923
+3.8000	-0.7910	+0.6119	+120655317856.4511	-51272946977.6098
+3.9000	-0.7259	+0.6878	+115435656872.5348	-53076123126.4086
+4.0000	-0.6536	+0.7568	+110048782740.1072	-54618622340.6839
+4.1000	-0.5748	+0.8183	+104520335438.7017	-55909037732.1486
+4.2000	-0.4903	+0.8716	+98875084542.7145	-56956178782.0148
+4.3000	-0.4008	+0.9162	+93136909212.3331	-57769039032.8233
+4.4000	-0.3073	+0.9516	+87328781341.0974	-58356765257.6200
+4.5000	-0.2108	+0.9775	+81472751714.2520	-58728628068.7255
+4.6000	-0.1122	+0.9937	+75589939035.7937	-58893993928.8861
+4.7000	-0.0124	+0.9999	+69700521685.8157	-58862298528.1383
+4.8000	+0.0875	+0.9962	+63823732073.3864	-58643021490.2569
+4.9000	+0.1865	+0.9825	+57977853453.7905	-58245662373.1859
