Matriu A

+1.0000	 +0.0000	 +0.0000	 +0.0000	 
+1.0000	 +1.0000	 +0.0000	 +0.0000	 
+1.0000	 +2.0000	 +2.0000	 +0.0000	 
+1.0000	 +3.0000	 +6.0000	 +6.0000	 


Norma infinit de A = 16.000000


Matriu A factoritzada

+1.0000	 +0.0000	 +0.0000	 +0.0000	 
+1.0000	 +1.0000	 +0.0000	 +0.0000	 
+1.0000	 +2.0000	 +2.0000	 +0.0000	 
+1.0000	 +3.0000	 +3.0000	 +6.0000	 


Matriu A^{-1}

+1.0000	 +1.0000	 +1.0000	 +1.0000	 
+0.0000	 +1.0000	 +2.0000	 +3.0000	 
+0.0000	 +0.0000	 +2.0000	 +1.5000	 
+0.0000	 +0.0000	 +0.0000	 +6.0000	 


norma infinit de A^{-1} = 6.000000


nombre de condicio = 96.000000



Coeficients del polinomi interpolador:

+2.0000	+2.0000	+1.0000	+0.3333	
