Matriu A:

+1.0000	 +1.0000	 +1.0000	 +1.0000	 
+1.0000	 +2.0000	 +4.0000	 +8.0000	 
+1.0000	 +3.0000	 +9.0000	 +27.0000	 
+1.0000	 +4.0000	 +16.0000	 +64.0000	 


Norma infinit de A = 85.000000


Matriu A^{-1}

+1.0000	 +1.0000	 +1.0000	 +1.0000	 
+1.0000	 +1.0000	 +2.0000	 +3.0000	 
+1.0000	 +3.0000	 +2.0000	 +3.0000	 
+1.0000	 +7.0000	 +12.0000	 +6.0000	 


norma infinit de A^{-1} = 26.000000


nombre de condicio = 2210.000000



Matriu A factoritzada

+1.0000	 +1.0000	 +1.0000	 +1.0000	 
+1.0000	 +1.0000	 +3.0000	 +7.0000	 
+1.0000	 +2.0000	 +2.0000	 +12.0000	 
+1.0000	 +3.0000	 +3.0000	 +6.0000	 


Coeficients del polinomi interpolador:

-0.0000	+2.6667	-1.0000	+0.3333	
